<?xml version="1.0" encoding="UTF-8"?>
<!-- Generated by org.testng.reporters.JUnitReportReporter -->
<testsuite hostname="Nidhis-MacBook-Pro.local" failures="0" tests="2" name="day43_Annotation.AllAnnotation" time="0.010" errors="0" timestamp="2024-07-25T10:48:40 MST" skipped="0">
  <testcase classname="day43_Annotation.AllAnnotation" name="tM" time="0.009"/>
  <testcase classname="day43_Annotation.AllAnnotation" name="tMM" time="0.001"/>
</testsuite> <!-- day43_Annotation.AllAnnotation -->
