<?xml version="1.0" encoding="UTF-8"?>
<!-- Generated by org.testng.reporters.JUnitReportReporter -->
<testsuite hostname="Nidhis-MacBook-Pro.local" failures="0" tests="3" name="day44_dependencyMethods.LoginTest" time="0.021" errors="0" timestamp="2024-08-01T16:33:40 MST" skipped="0">
  <testcase classname="day44_dependencyMethods.LoginTest" name="loginByEmail" time="0.017"/>
  <testcase classname="day44_dependencyMethods.LoginTest" name="loginByFacebook" time="0.002"/>
  <testcase classname="day44_dependencyMethods.LoginTest" name="loginBytwitter" time="0.002"/>
</testsuite> <!-- day44_dependencyMethods.LoginTest -->
