<?xml version="1.0" encoding="UTF-8"?>
<!-- Generated by org.testng.reporters.JUnitReportReporter -->
<testsuite hostname="Nidhis-MacBook-Pro.local" failures="0" tests="2" name="day43_Annotation.AnnotationDemo2" time="0.009" errors="0" timestamp="2024-07-23T15:53:35 MST" skipped="0">
  <testcase classname="day43_Annotation.AnnotationDemo2" name="search" time="0.007"/>
  <testcase classname="day43_Annotation.AnnotationDemo2" name="advancedSearch" time="0.002"/>
</testsuite> <!-- day43_Annotation.AnnotationDemo2 -->
