<?xml version="1.0" encoding="UTF-8"?>
<!-- Generated by org.testng.reporters.JUnitReportReporter -->
<testsuite hostname="Nidhis-MacBook-Pro.local" failures="0" tests="2" name="day43_Annotation.AnnotationDemo1" time="0.034" errors="0" timestamp="2024-07-23T13:33:13 MST" skipped="0">
  <testcase classname="day43_Annotation.AnnotationDemo1" name="search" time="0.010"/>
  <testcase classname="day43_Annotation.AnnotationDemo1" name="advancedSearch" time="0.024"/>
</testsuite> <!-- day43_Annotation.AnnotationDemo1 -->
