<?xml version="1.0" encoding="UTF-8"?>
<!-- Generated by org.testng.reporters.JUnitReportReporter -->
<testsuite hostname="Nidhis-MacBook-Pro.local" failures="0" tests="1" name="day42.TestCase2" time="0.032" errors="0" timestamp="2024-07-23T10:43:38 MST" skipped="0">
  <testcase classname="day42.TestCase2" name="verifyHomepageTitle" time="0.032"/>
</testsuite> <!-- day42.TestCase2 -->
