<?xml version="1.0" encoding="UTF-8"?>
<!-- Generated by org.testng.reporters.JUnitReportReporter -->
<testsuite hostname="Nidhis-MacBook-Pro.local" failures="0" tests="3" name="day42.FirstTestCase" time="0.004" errors="0" timestamp="2024-07-23T10:44:50 MST" skipped="0">
  <testcase classname="day42.FirstTestCase" name="login" time="0.001"/>
  <testcase classname="day42.FirstTestCase" name="logout" time="0.001"/>
  <testcase classname="day42.FirstTestCase" name="opeapp" time="0.002"/>
</testsuite> <!-- day42.FirstTestCase -->
