<?xml version="1.0" encoding="UTF-8"?>
<!-- Generated by org.testng.reporters.JUnitReportReporter -->
<testsuite hostname="Nidhis-MacBook-Pro.local" failures="0" tests="2" name="day44_dependencyMethods.PaymentTests" time="0.018" errors="0" timestamp="2024-08-01T16:35:31 MST" skipped="0">
  <testcase classname="day44_dependencyMethods.PaymentTests" name="paymentinRupees" time="0.015"/>
  <testcase classname="day44_dependencyMethods.PaymentTests" name="paymentindollar" time="0.003"/>
</testsuite> <!-- day44_dependencyMethods.PaymentTests -->
