<?xml version="1.0" encoding="UTF-8"?>
<!-- Generated by org.testng.reporters.JUnitReportReporter -->
<testsuite hostname="Nidhis-MacBook-Pro.local" failures="0" tests="6" name="day45_dataptovider_paralleltesting.ParamTest" time="7.927" errors="0" timestamp="2024-07-29T13:00:10 MST" skipped="0">
  <testcase classname="day45_dataptovider_paralleltesting.ParamTest" name="testLogo" time="2.250"/>
  <testcase classname="day45_dataptovider_paralleltesting.ParamTest" name="testLogo" time="5.532"/>
  <testcase classname="day45_dataptovider_paralleltesting.ParamTest" name="testTitle" time="0.021"/>
  <testcase classname="day45_dataptovider_paralleltesting.ParamTest" name="testTitle" time="0.045"/>
  <testcase classname="day45_dataptovider_paralleltesting.ParamTest" name="testURL" time="0.039"/>
  <testcase classname="day45_dataptovider_paralleltesting.ParamTest" name="testURL" time="0.040"/>
</testsuite> <!-- day45_dataptovider_paralleltesting.ParamTest -->
