<?xml version="1.0" encoding="UTF-8"?>
<!-- Generated by org.testng.reporters.JUnitReportReporter -->
<testsuite hostname="Nidhis-MacBook-Pro.local" failures="0" tests="6" name="ParallelTesting.ParamTest" time="0.933" errors="0" timestamp="2024-08-03T13:31:05 MST" skipped="0">
  <testcase classname="ParallelTesting.ParamTest" name="testLogo" time="0.391"/>
  <testcase classname="ParallelTesting.ParamTest" name="testLogo" time="0.444"/>
  <testcase classname="ParallelTesting.ParamTest" name="testTitle" time="0.014"/>
  <testcase classname="ParallelTesting.ParamTest" name="testTitle" time="0.024"/>
  <testcase classname="ParallelTesting.ParamTest" name="testURL" time="0.024"/>
  <testcase classname="ParallelTesting.ParamTest" name="testURL" time="0.036"/>
</testsuite> <!-- ParallelTesting.ParamTest -->
