<?xml version="1.0" encoding="UTF-8"?>
<!-- Generated by org.testng.reporters.JUnitReportReporter -->
<testsuite hostname="Nidhis-MacBook-Pro.local" failures="0" tests="3" name="day44_dependencyMethods.SignupTests" time="0.016" errors="0" timestamp="2024-07-26T17:48:18 MST" skipped="0">
  <testcase classname="day44_dependencyMethods.SignupTests" name="signupbyemail" time="0.005"/>
  <testcase classname="day44_dependencyMethods.SignupTests" name="signupbyfacebook" time="0.004"/>
  <testcase classname="day44_dependencyMethods.SignupTests" name="signupbytwitter" time="0.007"/>
</testsuite> <!-- day44_dependencyMethods.SignupTests -->
