<?xml version="1.0" encoding="UTF-8"?>
<!-- Generated by org.testng.reporters.JUnitReportReporter -->
<testsuite hostname="Nidhis-MacBook-Pro.local" failures="0" tests="4" name="day42.OrangeHRMTest" time="14.489" errors="0" timestamp="2024-07-23T10:44:50 MST" skipped="0">
  <testcase classname="day42.OrangeHRMTest" name="openApp" time="5.784"/>
  <testcase classname="day42.OrangeHRMTest" name="testLogo" time="6.340"/>
  <testcase classname="day42.OrangeHRMTest" name="testLogin" time="2.206"/>
  <testcase classname="day42.OrangeHRMTest" name="testLogout" time="0.159"/>
</testsuite> <!-- day42.OrangeHRMTest -->
