<?xml version="1.0" encoding="UTF-8"?>
<!-- Generated by org.testng.reporters.JUnitReportReporter -->
<testsuite hostname="Nidhis-MacBook-Pro.local" failures="0" tests="2" name="day43_pack.C3" time="0.007" errors="0" timestamp="2024-07-24T22:31:40 MST" skipped="0">
  <testcase classname="day43_pack.C3" name="pqr" time="0.005"/>
  <testcase classname="day43_pack.C3" name="pqr" time="0.002"/>
</testsuite> <!-- day43_pack.C3 -->
